2022-07-19 18:01:46,421 DEBUG:Starting new HTTPS connection (1): www.perekrestok.ru:443
2022-07-19 18:01:47,755 DEBUG:https://www.perekrestok.ru:443 "GET /cat/367/p/arbuz-77410 HTTP/1.1" 200 None
2022-07-19 18:01:47,778 DEBUG:Database write new entry: open connection
2022-07-19 18:01:47,779 DEBUG:Database write new entry: close connection
2022-07-19 18:03:01,940 DEBUG:Starting new HTTPS connection (1): www.perekrestok.ru:443
2022-07-19 18:03:02,977 DEBUG:https://www.perekrestok.ru:443 "GET /cat/367/p/arbuz-77410 HTTP/1.1" 200 None
2022-07-19 18:03:02,994 DEBUG:Database write new entry: open connection
2022-07-19 18:03:02,995 INFO:Database write new entry: Арбуз was added to the database
2022-07-19 18:03:02,995 INFO:Database write new entry: id 154 was added for root
2022-07-19 18:03:03,015 DEBUG:Database write new entry: close connection
2022-07-19 18:03:10,249 DEBUG:Starting new HTTPS connection (1): www.perekrestok.ru:443
2022-07-19 18:03:11,054 DEBUG:https://www.perekrestok.ru:443 "GET /cat/367/p/arbuz-77410 HTTP/1.1" 200 None
2022-07-19 18:03:11,075 DEBUG:Database write new entry: open connection
2022-07-19 18:03:11,076 INFO:Database write new entry: id 154 was added for abo
2022-07-19 18:03:11,088 DEBUG:Database write new entry: close connection
2022-07-19 18:03:48,989 DEBUG:Starting new HTTPS connection (1): www.perekrestok.ru:443
2022-07-19 18:03:49,560 DEBUG:https://www.perekrestok.ru:443 "GET /cat/367/p/arbuz-77410 HTTP/1.1" 200 None
2022-07-19 18:03:49,577 DEBUG:Database write new entry: open connection
2022-07-19 18:03:49,577 DEBUG:Database write new entry: close connection
2022-07-19 18:04:13,497 DEBUG:Starting new HTTPS connection (1): www.perekrestok.ru:443
2022-07-19 18:04:14,027 DEBUG:https://www.perekrestok.ru:443 "GET /cat/367/p/arz-77892 HTTP/1.1" 404 None
2022-07-19 18:04:14,038 ERROR:Database write new entry: can't obtain data for https://www.perekrestok.ru/cat/367/p/arz-77892, Connection problems
2022-07-19 18:12:58,511 DEBUG:Database write new entry: open connection
2022-07-19 18:13:19,163 DEBUG:Database write new entry: open connection
2022-07-19 18:15:15,542 DEBUG:Database write new entry: open connection
2022-07-19 18:16:30,242 DEBUG:Database write new entry: open connection
2022-07-19 18:16:30,264 DEBUG:Database write new entry: close connection
2022-07-19 18:17:24,476 DEBUG:Database write new entry: open connection
2022-07-19 18:17:24,496 DEBUG:Database write new entry: close connection
2022-07-19 18:17:33,469 DEBUG:Database write new entry: open connection
2022-07-19 18:17:33,471 DEBUG:Database write new entry: close connection
2022-07-19 18:25:01,337 DEBUG:Database write new entry: open connection
2022-07-19 18:25:01,339 DEBUG:Database write new entry: close connection
2022-07-19 18:25:03,513 DEBUG:Database write new entry: open connection
2022-07-19 18:25:03,514 DEBUG:Database write new entry: close connection
2022-07-19 18:25:12,402 DEBUG:Database write new entry: open connection
2022-07-19 18:25:12,403 DEBUG:Database write new entry: close connection
2022-07-19 18:26:28,003 DEBUG:pickle loaded: /home/alexey/.conda/envs/py_work/lib/python3.7/site-packages/jedi/third_party/typeshed/stdlib/2and3/builtins.pyi
2022-07-19 18:26:28,048 DEBUG:pickle loaded: /home/alexey/.conda/envs/py_work/lib/python3.7/site-packages/jedi/third_party/typeshed/stdlib/3/sys.pyi
2022-07-19 18:27:35,295 DEBUG:Database write new entry: open connection
2022-07-19 18:27:35,319 DEBUG:Database write new entry: close connection
2022-07-19 18:27:51,792 DEBUG:Database write new entry: open connection
2022-07-19 18:27:51,793 DEBUG:Database write new entry: close connection
2022-07-19 18:27:57,634 DEBUG:Database write new entry: open connection
2022-07-19 18:27:57,635 DEBUG:Database write new entry: close connection
2022-07-19 18:28:42,157 DEBUG:Database fetch data: open connection
2022-07-19 18:28:42,158 DEBUG:Database fetch data: close connection
2022-07-19 18:28:53,246 DEBUG:Database fetch data: open connection
2022-07-19 18:28:53,247 DEBUG:Database fetch data: close connection
2022-07-19 18:39:12,798 DEBUG:diff parser start
2022-07-19 18:39:12,799 DEBUG:line_lengths old: 22; new: 18
2022-07-19 18:39:12,799 DEBUG:-> code[replace] old[1:1] new[1:1]
2022-07-19 18:39:12,800 DEBUG:parse_part from 1 to 4 (to 4 in part parser)
2022-07-19 18:39:12,801 DEBUG:-> code[equal] old[2:4] new[2:4]
2022-07-19 18:39:12,801 DEBUG:-> code[insert] old[5:4] new[5:9]
2022-07-19 18:39:12,802 DEBUG:parse_part from 5 to 12 (to 12 in part parser)
2022-07-19 18:39:12,802 DEBUG:-> code[equal] old[5:8] new[10:13]
2022-07-19 18:39:12,803 DEBUG:copy old[8:8] new[13:13]
2022-07-19 18:39:12,803 DEBUG:-> code[replace] old[9:9] new[14:14]
2022-07-19 18:39:12,804 DEBUG:parse_part from 14 to 14 (to 14 in part parser)
2022-07-19 18:39:12,804 DEBUG:-> code[equal] old[10:10] new[15:15]
2022-07-19 18:39:12,805 DEBUG:parse_part from 15 to 17 (to 17 in part parser)
2022-07-19 18:39:12,805 DEBUG:-> code[replace] old[11:22] new[16:18]
2022-07-19 18:39:12,806 DEBUG:parse_part from 18 to 18 (to 17 in part parser)
2022-07-19 18:39:12,806 DEBUG:diff parser end
2022-07-19 18:39:12,810 DEBUG:pickle loaded: /home/alexey/.conda/envs/py_work/lib/python3.7/sqlite3/__init__.py
2022-07-19 18:39:21,116 DEBUG:diff parser start
2022-07-19 18:39:21,116 DEBUG:line_lengths old: 18; new: 18
2022-07-19 18:39:21,116 DEBUG:-> code[equal] old[1:17] new[1:17]
2022-07-19 18:39:21,117 DEBUG:copy old[1:17] new[1:17]
2022-07-19 18:39:21,117 DEBUG:-> code[replace] old[18:18] new[18:18]
2022-07-19 18:39:21,118 DEBUG:parse_part from 18 to 18 (to 17 in part parser)
2022-07-19 18:39:21,118 DEBUG:diff parser end
